C:\Program Files (x86)\Microsoft Visual Studio\2019\Community\MSBuild\Microsoft\VC\v160\Microsoft.CppBuild.targets(513,5): warning MSB8028: The intermediate directory (Debug\) contains files shared from another project (SFML_Points.vcxproj, SFML_Test.vcxproj).  This can lead to incorrect clean and rebuild behavior.
  main.cpp
C:\code stuff\C++ Group Project\SFML\main.cpp(74,63): warning C4244: 'argument': conversion from 'T' to 'T', possible loss of data
          with
          [
              T=unsigned int
          ]
          and
          [
              T=float
          ]
C:\code stuff\C++ Group Project\SFML\main.cpp(74,166): warning C4244: 'argument': conversion from 'T' to 'float', possible loss of data
          with
          [
              T=unsigned int
          ]
C:\code stuff\C++ Group Project\SFML\main.cpp(75,66): warning C4244: 'argument': conversion from 'T' to 'T', possible loss of data
          with
          [
              T=unsigned int
          ]
          and
          [
              T=float
          ]
C:\code stuff\C++ Group Project\SFML\main.cpp(76,64): warning C4244: 'argument': conversion from 'T' to 'T', possible loss of data
          with
          [
              T=unsigned int
          ]
          and
          [
              T=float
          ]
C:\code stuff\C++ Group Project\SFML\main.cpp(77,65): warning C4244: 'argument': conversion from 'T' to 'T', possible loss of data
          with
          [
              T=unsigned int
          ]
          and
          [
              T=float
          ]
C:\code stuff\C++ Group Project\SFML\main.cpp(77,167): warning C4244: 'argument': conversion from 'T' to 'float', possible loss of data
          with
          [
              T=unsigned int
          ]
C:\code stuff\C++ Group Project\SFML\main.cpp(81,159): warning C4244: 'argument': conversion from 'T' to 'float', possible loss of data
          with
          [
              T=unsigned int
          ]
C:\code stuff\C++ Group Project\SFML\main.cpp(81,144): warning C4244: 'argument': conversion from 'T' to 'float', possible loss of data
          with
          [
              T=unsigned int
          ]
  SFML.vcxproj -> C:\code stuff\C++ Group Project\Debug\SFML_Graphics.exe
